<?xml version="1.0" encoding="UTF-8"?>
<!-- Generated by org.testng.reporters.JUnitReportReporter -->
<testsuite hostname="kirubakar" failures="0" tests="1" name="DefaultLibrariy.A2" time="76.603" errors="0" timestamp="2024-02-06T17:09:27 IST" skipped="0">
  <testcase classname="DefaultLibrariy.A2" name="test001" time="76.603"/>
</testsuite> <!-- DefaultLibrariy.A2 -->
