<?xml version="1.0" encoding="UTF-8"?>
<!-- Generated by org.testng.reporters.JUnitReportReporter -->
<testsuite hostname="kirubakar" failures="0" tests="1" name="Priority.A12" time="133.224" errors="0" timestamp="2024-01-29T17:29:55 IST" skipped="0">
  <testcase classname="Priority.A12" name="project1" time="133.224"/>
  <system-out>
    <![CDATA[ACC]]>
  </system-out>
</testsuite> <!-- Priority.A12 -->
